<html>
<head>
<title>TestNG:  Test</title>
<link href="../testng.css" rel="stylesheet" type="text/css" />
<link href="../my-testng.css" rel="stylesheet" type="text/css" />

<style type="text/css">
.log { display: none;} 
.stack-trace { display: none;} 
</style>
<script type="text/javascript">
<!--
function flip(e) {
  current = e.style.display;
  if (current == 'block') {
    e.style.display = 'none';
    return 0;
  }
  else {
    e.style.display = 'block';
    return 1;
  }
}

function toggleBox(szDivId, elem, msg1, msg2)
{
  var res = -1;  if (document.getElementById) {
    res = flip(document.getElementById(szDivId));
  }
  else if (document.all) {
    // this is the way old msie versions work
    res = flip(document.all[szDivId]);
  }
  if(elem) {
    if(res == 0) elem.innerHTML = msg1; else elem.innerHTML = msg2;
  }

}

function toggleAllBoxes() {
  if (document.getElementsByTagName) {
    d = document.getElementsByTagName('div');
    for (i = 0; i < d.length; i++) {
      if (d[i].className == 'log') {
        flip(d[i]);
      }
    }
  }
}

// -->
</script>

</head>
<body>
<h2 align='center'>Test</h2><table border='1' align="center">
<tr>
<td>Tests passed/Failed/Skipped:</td><td>12/1/0</td>
</tr><tr>
<td>Started on:</td><td>Wed Mar 19 20:29:17 PDT 2025</td>
</tr>
<tr><td>Total time:</td><td>18 seconds (18704 ms)</td>
</tr><tr>
<td>Included groups:</td><td></td>
</tr><tr>
<td>Excluded groups:</td><td></td>
</tr>
</table><p/>
<small><i>(Hover the method name to see the test class name)</i></small><p/>
<table width='100%' border='1' class='invocation-failed'>
<tr><td colspan='4' align='center'><b>FAILED TESTS</b></td></tr>
<tr><td><b>Test method</b></td>
<td><b>Attribute(s)</b></td>
<td width="30%"><b>Exception</b></td>
<td width="10%"><b>Time (seconds)</b></td>
<td><b>Instance</b></td>
</tr>
<tr>
<td title='Tests.GetDataTests.test_invalidGetData2()'><b>test_invalidGetData2</b><br>Test class: Tests.GetDataTests</td>
<td><div><pre>java.lang.AssertionError: expected [200] but found [503]
	at Tests.GetDataTests.test_invalidGetData2(GetDataTests.java:46)
	at java.base/java.util.concurrent.Executors$RunnableAdapter.call(Executors.java:572)
	at java.base/java.util.concurrent.FutureTask.run(FutureTask.java:317)
	at java.base/java.util.concurrent.ThreadPoolExecutor.runWorker(ThreadPoolExecutor.java:1144)
	at java.base/java.util.concurrent.ThreadPoolExecutor$Worker.run(ThreadPoolExecutor.java:642)
	at java.base/java.lang.Thread.run(Thread.java:1575)
... Removed 18 stack frames</pre></div><a href='#' onClick='toggleBox("stack-trace867069015", this, "Click to show all stack frames", "Click to hide stack frames")'>Click to show all stack frames</a>
<div class='stack-trace' id='stack-trace867069015'><pre>java.lang.AssertionError: expected [200] but found [503]
	at org.testng.Assert.fail(Assert.java:111)
	at org.testng.Assert.failNotEquals(Assert.java:1578)
	at org.testng.Assert.assertEqualsImpl(Assert.java:150)
	at org.testng.Assert.assertEquals(Assert.java:132)
	at org.testng.Assert.assertEquals(Assert.java:1419)
	at org.testng.Assert.assertEquals(Assert.java:1383)
	at org.testng.Assert.assertEquals(Assert.java:1429)
	at Tests.GetDataTests.test_invalidGetData2(GetDataTests.java:46)
	at java.base/jdk.internal.reflect.DirectMethodHandleAccessor.invoke(DirectMethodHandleAccessor.java:103)
	at java.base/java.lang.reflect.Method.invoke(Method.java:580)
	at org.testng.internal.invokers.MethodInvocationHelper.invokeMethod(MethodInvocationHelper.java:141)
	at org.testng.internal.invokers.TestInvoker.invokeMethod(TestInvoker.java:686)
	at org.testng.internal.invokers.TestInvoker.invokeTestMethod(TestInvoker.java:230)
	at org.testng.internal.invokers.MethodRunner.runInSequence(MethodRunner.java:63)
	at org.testng.internal.invokers.TestInvoker$MethodInvocationAgent.invoke(TestInvoker.java:992)
	at org.testng.internal.invokers.TestInvoker.invokeTestMethods(TestInvoker.java:203)
	at org.testng.internal.invokers.TestMethodWorker.invokeTestMethods(TestMethodWorker.java:154)
	at org.testng.internal.invokers.TestMethodWorker.run(TestMethodWorker.java:134)
	at java.base/java.util.concurrent.Executors$RunnableAdapter.call(Executors.java:572)
	at java.base/java.util.concurrent.FutureTask.run(FutureTask.java:317)
	at org.testng.internal.thread.graph.TestNGFutureTask.run(TestNGFutureTask.java:22)
	at java.base/java.util.concurrent.ThreadPoolExecutor.runWorker(ThreadPoolExecutor.java:1144)
	at java.base/java.util.concurrent.ThreadPoolExecutor$Worker.run(ThreadPoolExecutor.java:642)
	at java.base/java.lang.Thread.run(Thread.java:1575)
</pre></div></td>
<td>0</td>
<td>Tests.GetDataTests@2a8d39c4</td></tr>
</table><p>
<table width='100%' border='1' class='invocation-passed'>
<tr><td colspan='4' align='center'><b>PASSED TESTS</b></td></tr>
<tr><td><b>Test method</b></td>
<td><b>Attribute(s)</b></td>
<td width="30%"><b>Exception</b></td>
<td width="10%"><b>Time (seconds)</b></td>
<td><b>Instance</b></td>
</tr>
<tr>
<td title='Tests.LoginTests.test_LoginScenarios()'><b>test_LoginScenarios</b><br>Test class: Tests.LoginTests<br>Parameters: dd, as2344, 401, username and password is incorrect</td>
<td></td>
<td>0</td>
<td>Tests.LoginTests@3f792b9b</td></tr>
<tr>
<td title='Tests.AddDataTests.test_AddData()'><b>test_AddData</b><br>Test class: Tests.AddDataTests</td>
<td></td>
<td>3</td>
<td>Tests.AddDataTests@4da602fc</td></tr>
<tr>
<td title='Tests.LoginTests.test_LoginScenarios()'><b>test_LoginScenarios</b><br>Test class: Tests.LoginTests<br>Parameters: jan2025.sarika@tekarch.com, as123, 401, username and password is incorrect</td>
<td></td>
<td>0</td>
<td>Tests.LoginTests@3f792b9b</td></tr>
<tr>
<td title='Tests.DeleteDataTests.test_UpdateData()'><b>test_UpdateData</b><br>Test class: Tests.DeleteDataTests</td>
<td></td>
<td>2</td>
<td>Tests.DeleteDataTests@72758afa</td></tr>
<tr>
<td title='Tests.LoginTests.test_LoginScenarios()'><b>test_LoginScenarios</b><br>Test class: Tests.LoginTests<br>Parameters: , Admin123, 401, username and password is incorrect</td>
<td></td>
<td>0</td>
<td>Tests.LoginTests@3f792b9b</td></tr>
<tr>
<td title='Tests.UpdateDataTests.test_UpdateData()'><b>test_UpdateData</b><br>Test class: Tests.UpdateDataTests</td>
<td></td>
<td>3</td>
<td>Tests.UpdateDataTests@25b2cfcb</td></tr>
<tr>
<td title='Tests.GetDataTests.test_validGetData()'><b>test_validGetData</b><br>Test class: Tests.GetDataTests</td>
<td></td>
<td>0</td>
<td>Tests.GetDataTests@2a8d39c4</td></tr>
<tr>
<td title='Tests.LoginTests.test_LoginScenarios()'><b>test_LoginScenarios</b><br>Test class: Tests.LoginTests<br>Parameters: jan2025.sarika@tekarch.com, Admin123, 201, token</td>
<td></td>
<td>0</td>
<td>Tests.LoginTests@3f792b9b</td></tr>
<tr>
<td title='Tests.GetDataTests.test_invalidGetData1()'><b>test_invalidGetData1</b><br>Test class: Tests.GetDataTests</td>
<td></td>
<td>0</td>
<td>Tests.GetDataTests@2a8d39c4</td></tr>
<tr>
<td title='Tests.LoginTests.test_LoginScenarios()'><b>test_LoginScenarios</b><br>Test class: Tests.LoginTests<br>Parameters: jan2025.sarika@tekarch.com, , 401, username and password is incorrect</td>
<td></td>
<td>0</td>
<td>Tests.LoginTests@3f792b9b</td></tr>
<tr>
<td title='Tests.LoginTests.test_LoginScenarios()'><b>test_LoginScenarios</b><br>Test class: Tests.LoginTests<br>Parameters: dd, Admin123, 401, username and password is incorrect</td>
<td></td>
<td>0</td>
<td>Tests.LoginTests@3f792b9b</td></tr>
<tr>
<td title='Tests.LoginTests.test_LoginScenarios()'><b>test_LoginScenarios</b><br>Test class: Tests.LoginTests<br>Parameters: , , 401, username and password is incorrect</td>
<td></td>
<td>0</td>
<td>Tests.LoginTests@3f792b9b</td></tr>
</table><p>
</body>
</html>